

================================================================
== Vitis HLS Report for 'send'
================================================================
* Date:           Thu Nov 24 21:29:15 2022

* Version:        2021.1 (Build 3247384 on Thu Jun 10 19:36:33 MDT 2021)
* Project:        send
* Solution:       solution1 (Vivado IP Flow Target)
* Product family: zynquplus
* Target device:  xczu9eg-ffvb1156-2-e


================================================================
== Performance Estimates
================================================================
+ Timing: 
    * Summary: 
    +--------+----------+----------+------------+
    |  Clock |  Target  | Estimated| Uncertainty|
    +--------+----------+----------+------------+
    |ap_clk  |  10.00 ns|  7.300 ns|     2.70 ns|
    +--------+----------+----------+------------+

+ Latency: 
    * Summary: 
    +---------+---------+----------+----------+-----+-----+---------+
    |  Latency (cycles) |  Latency (absolute) |  Interval | Pipeline|
    |   min   |   max   |    min   |    max   | min | max |   Type  |
    +---------+---------+----------+----------+-----+-----+---------+
    |        ?|        ?|         ?|         ?|    ?|    ?|       no|
    +---------+---------+----------+----------+-----+-----+---------+

    + Detail: 
        * Instance: 
        N/A

        * Loop: 
        +-------------------+---------+---------+----------+-----------+-----------+------+----------+
        |                   |  Latency (cycles) | Iteration|  Initiation Interval  | Trip |          |
        |     Loop Name     |   min   |   max   |  Latency |  achieved |   target  | Count| Pipelined|
        +-------------------+---------+---------+----------+-----------+-----------+------+----------+
        |- VITIS_LOOP_17_1  |        ?|        ?|         3|          2|          1|     ?|       yes|
        +-------------------+---------+---------+----------+-----------+-----------+------+----------+



================================================================
== Utilization Estimates
================================================================
* Summary: 
+-----------------+---------+------+--------+--------+-----+
|       Name      | BRAM_18K|  DSP |   FF   |   LUT  | URAM|
+-----------------+---------+------+--------+--------+-----+
|DSP              |        -|     -|       -|       -|    -|
|Expression       |        -|     -|       0|      97|    -|
|FIFO             |        -|     -|       -|       -|    -|
|Instance         |        4|     -|     688|     876|    0|
|Memory           |        -|     -|       -|       -|    -|
|Multiplexer      |        -|     -|       -|     125|    -|
|Register         |        -|     -|     273|       -|    -|
+-----------------+---------+------+--------+--------+-----+
|Total            |        4|     0|     961|    1098|    0|
+-----------------+---------+------+--------+--------+-----+
|Available        |     1824|  2520|  548160|  274080|    0|
+-----------------+---------+------+--------+--------+-----+
|Utilization (%)  |       ~0|     0|      ~0|      ~0|    0|
+-----------------+---------+------+--------+--------+-----+

+ Detail: 
    * Instance: 
    +-----------------+---------------+---------+----+-----+-----+-----+
    |     Instance    |     Module    | BRAM_18K| DSP|  FF | LUT | URAM|
    +-----------------+---------------+---------+----+-----+-----+-----+
    |control_s_axi_U  |control_s_axi  |        0|   0|  176|  296|    0|
    |gmem_m_axi_U     |gmem_m_axi     |        4|   0|  512|  580|    0|
    +-----------------+---------------+---------+----+-----+-----+-----+
    |Total            |               |        4|   0|  688|  876|    0|
    +-----------------+---------------+---------+----+-----+-----+-----+

    * DSP: 
    N/A

    * Memory: 
    N/A

    * FIFO: 
    N/A

    * Expression: 
    +-------------------------+----------+----+---+----+------------+------------+
    |      Variable Name      | Operation| DSP| FF| LUT| Bitwidth P0| Bitwidth P1|
    +-------------------------+----------+----+---+----+------------+------------+
    |add_ln16_fu_150_p2       |         +|   0|  0|  71|          64|          64|
    |icmp_ln18_fu_175_p2      |      icmp|   0|  0|  20|          32|           1|
    |ap_block_state16         |        or|   0|  0|   2|           1|           1|
    |ap_enable_pp0            |       xor|   0|  0|   2|           1|           2|
    |ap_enable_reg_pp0_iter1  |       xor|   0|  0|   2|           2|           1|
    +-------------------------+----------+----+---+----+------------+------------+
    |Total                    |          |   0|  0|  97|         100|          69|
    +-------------------------+----------+----+---+----+------------+------------+

    * Multiplexer: 
    +-------------------------+----+-----------+-----+-----------+
    |           Name          | LUT| Input Size| Bits| Total Bits|
    +-------------------------+----+-----------+-----+-----------+
    |ap_NS_fsm                |  65|         16|    1|         16|
    |ap_enable_reg_pp0_iter1  |  14|          3|    1|          3|
    |data_1_data_in           |  14|          3|   32|         96|
    |gmem_blk_n_AR            |   9|          2|    1|          2|
    |gmem_blk_n_R             |   9|          2|    1|          2|
    |req_1_data_in            |  14|          3|   32|         96|
    +-------------------------+----+-----------+-----+-----------+
    |Total                    | 125|         29|   68|        215|
    +-------------------------+----+-----------+-----+-----------+

    * Register: 
    +-------------------------+----+----+-----+-----------+
    |           Name          | FF | LUT| Bits| Const Bits|
    +-------------------------+----+----+-----+-----------+
    |ack_0_data_reg           |  32|   0|   32|          0|
    |ack_0_vld_reg            |   0|   0|    1|          1|
    |ap_CS_fsm                |  15|   0|   15|          0|
    |ap_enable_reg_pp0_iter0  |   1|   0|    1|          0|
    |ap_enable_reg_pp0_iter1  |   1|   0|    1|          0|
    |data_1_data_reg          |  32|   0|   32|          0|
    |data_1_vld_reg           |   0|   0|    1|          1|
    |data_ptr_read_reg_181    |  64|   0|   64|          0|
    |gmem_addr_reg_186        |  64|   0|   64|          0|
    |read_loc_0_data_reg      |  32|   0|   32|          0|
    |read_loc_0_vld_reg       |   0|   0|    1|          1|
    |req_1_data_reg           |  32|   0|   32|          0|
    |req_1_vld_reg            |   0|   0|    1|          1|
    +-------------------------+----+----+-----+-----------+
    |Total                    | 273|   0|  277|          4|
    +-------------------------+----+----+-----+-----------+



================================================================
== Interface
================================================================
* Summary: 
+-----------------------+-----+-----+------------+----------------+--------------+
|       RTL Ports       | Dir | Bits|  Protocol  |  Source Object |    C Type    |
+-----------------------+-----+-----+------------+----------------+--------------+
|s_axi_control_AWVALID  |   in|    1|       s_axi|         control|        scalar|
|s_axi_control_AWREADY  |  out|    1|       s_axi|         control|        scalar|
|s_axi_control_AWADDR   |   in|    6|       s_axi|         control|        scalar|
|s_axi_control_WVALID   |   in|    1|       s_axi|         control|        scalar|
|s_axi_control_WREADY   |  out|    1|       s_axi|         control|        scalar|
|s_axi_control_WDATA    |   in|   32|       s_axi|         control|        scalar|
|s_axi_control_WSTRB    |   in|    4|       s_axi|         control|        scalar|
|s_axi_control_ARVALID  |   in|    1|       s_axi|         control|        scalar|
|s_axi_control_ARREADY  |  out|    1|       s_axi|         control|        scalar|
|s_axi_control_ARADDR   |   in|    6|       s_axi|         control|        scalar|
|s_axi_control_RVALID   |  out|    1|       s_axi|         control|        scalar|
|s_axi_control_RREADY   |   in|    1|       s_axi|         control|        scalar|
|s_axi_control_RDATA    |  out|   32|       s_axi|         control|        scalar|
|s_axi_control_RRESP    |  out|    2|       s_axi|         control|        scalar|
|s_axi_control_BVALID   |  out|    1|       s_axi|         control|        scalar|
|s_axi_control_BREADY   |   in|    1|       s_axi|         control|        scalar|
|s_axi_control_BRESP    |  out|    2|       s_axi|         control|        scalar|
|ap_clk                 |   in|    1|  ap_ctrl_hs|            send|  return value|
|ap_rst_n               |   in|    1|  ap_ctrl_hs|            send|  return value|
|interrupt              |  out|    1|  ap_ctrl_hs|            send|  return value|
|m_axi_gmem_AWVALID     |  out|    1|       m_axi|            gmem|       pointer|
|m_axi_gmem_AWREADY     |   in|    1|       m_axi|            gmem|       pointer|
|m_axi_gmem_AWADDR      |  out|   64|       m_axi|            gmem|       pointer|
|m_axi_gmem_AWID        |  out|    1|       m_axi|            gmem|       pointer|
|m_axi_gmem_AWLEN       |  out|    8|       m_axi|            gmem|       pointer|
|m_axi_gmem_AWSIZE      |  out|    3|       m_axi|            gmem|       pointer|
|m_axi_gmem_AWBURST     |  out|    2|       m_axi|            gmem|       pointer|
|m_axi_gmem_AWLOCK      |  out|    2|       m_axi|            gmem|       pointer|
|m_axi_gmem_AWCACHE     |  out|    4|       m_axi|            gmem|       pointer|
|m_axi_gmem_AWPROT      |  out|    3|       m_axi|            gmem|       pointer|
|m_axi_gmem_AWQOS       |  out|    4|       m_axi|            gmem|       pointer|
|m_axi_gmem_AWREGION    |  out|    4|       m_axi|            gmem|       pointer|
|m_axi_gmem_AWUSER      |  out|    1|       m_axi|            gmem|       pointer|
|m_axi_gmem_WVALID      |  out|    1|       m_axi|            gmem|       pointer|
|m_axi_gmem_WREADY      |   in|    1|       m_axi|            gmem|       pointer|
|m_axi_gmem_WDATA       |  out|   32|       m_axi|            gmem|       pointer|
|m_axi_gmem_WSTRB       |  out|    4|       m_axi|            gmem|       pointer|
|m_axi_gmem_WLAST       |  out|    1|       m_axi|            gmem|       pointer|
|m_axi_gmem_WID         |  out|    1|       m_axi|            gmem|       pointer|
|m_axi_gmem_WUSER       |  out|    1|       m_axi|            gmem|       pointer|
|m_axi_gmem_ARVALID     |  out|    1|       m_axi|            gmem|       pointer|
|m_axi_gmem_ARREADY     |   in|    1|       m_axi|            gmem|       pointer|
|m_axi_gmem_ARADDR      |  out|   64|       m_axi|            gmem|       pointer|
|m_axi_gmem_ARID        |  out|    1|       m_axi|            gmem|       pointer|
|m_axi_gmem_ARLEN       |  out|    8|       m_axi|            gmem|       pointer|
|m_axi_gmem_ARSIZE      |  out|    3|       m_axi|            gmem|       pointer|
|m_axi_gmem_ARBURST     |  out|    2|       m_axi|            gmem|       pointer|
|m_axi_gmem_ARLOCK      |  out|    2|       m_axi|            gmem|       pointer|
|m_axi_gmem_ARCACHE     |  out|    4|       m_axi|            gmem|       pointer|
|m_axi_gmem_ARPROT      |  out|    3|       m_axi|            gmem|       pointer|
|m_axi_gmem_ARQOS       |  out|    4|       m_axi|            gmem|       pointer|
|m_axi_gmem_ARREGION    |  out|    4|       m_axi|            gmem|       pointer|
|m_axi_gmem_ARUSER      |  out|    1|       m_axi|            gmem|       pointer|
|m_axi_gmem_RVALID      |   in|    1|       m_axi|            gmem|       pointer|
|m_axi_gmem_RREADY      |  out|    1|       m_axi|            gmem|       pointer|
|m_axi_gmem_RDATA       |   in|   32|       m_axi|            gmem|       pointer|
|m_axi_gmem_RLAST       |   in|    1|       m_axi|            gmem|       pointer|
|m_axi_gmem_RID         |   in|    1|       m_axi|            gmem|       pointer|
|m_axi_gmem_RUSER       |   in|    1|       m_axi|            gmem|       pointer|
|m_axi_gmem_RRESP       |   in|    2|       m_axi|            gmem|       pointer|
|m_axi_gmem_BVALID      |   in|    1|       m_axi|            gmem|       pointer|
|m_axi_gmem_BREADY      |  out|    1|       m_axi|            gmem|       pointer|
|m_axi_gmem_BRESP       |   in|    2|       m_axi|            gmem|       pointer|
|m_axi_gmem_BID         |   in|    1|       m_axi|            gmem|       pointer|
|m_axi_gmem_BUSER       |   in|    1|       m_axi|            gmem|       pointer|
|data                   |  out|   32|     ap_none|            data|       pointer|
|req                    |  out|   32|     ap_none|             req|       pointer|
|ack                    |   in|   32|     ap_none|             ack|       pointer|
|SCHED_FULL             |   in|   32|     ap_none|      SCHED_FULL|       pointer|
|NEUR_EVENT_OUT         |   in|   32|     ap_none|  NEUR_EVENT_OUT|       pointer|
+-----------------------+-----+-----+------------+----------------+--------------+

