INFO: Applying HLS Y2K22 patch v1.2 for IP revision
INFO: [HLS 200-10] Running 'D:/Xilinx/Vitis_HLS/2021.1/bin/unwrapped/win64.o/apcc.exe'
INFO: [HLS 200-10] For user '86150' on host 'laptop-07kltu7t' (Windows NT_amd64 version 6.2) on Fri Nov 18 20:56:43 +0800 2022
INFO: [HLS 200-10] In directory 'D:/vitis_hls_projects/odinSignals/odinsig/solution1/csim/build'
../../../../top.c:31:9: warning: incompatible pointer to integer conversion assigning to 'volatile int' from 'volatile int *'; dereference with * [-Wint-conversion]
        *addr_o=AEROUT_ADDR;
               ^~~~~~~~~~~~
                *       
../../../../top.c:32:8: warning: incompatible pointer to integer conversion assigning to 'volatile int' from 'volatile int *'; dereference with * [-Wint-conversion]
        *req_o=AEROUT_REQ;
              ^~~~~~~~~~~
               *       
2 warnings generated.
../../../../top.c:31:9: warning: incompatible pointer to integer conversion assigning to 'volatile int' from 'volatile int *'; dereference with * [-Wint-conversion]
        *addr_o=AEROUT_ADDR;
               ^~~~~~~~~~~~
                *       
../../../../top.c:32:8: warning: incompatible pointer to integer conversion assigning to 'volatile int' from 'volatile int *'; dereference with * [-Wint-conversion]
        *req_o=AEROUT_REQ;
              ^~~~~~~~~~~
               *       
2 warnings generated.
INFO: [APCC 202-3] Tmp directory is apcc_db
INFO: [APCC 202-1] APCC is done.
